SF:lib/no_screenshot_method_channel.dart
DA:18,0
DA:20,0
DA:21,0
DA:24,1
DA:27,2
DA:31,1
DA:33,2
DA:37,1
DA:39,2
DA:43,1
DA:45,2
DA:49,1
DA:51,2
DA:54,1
DA:56,2
LF:15
LH:12
end_of_record
SF:lib/no_screenshot_platform_interface.dart
DA:8,9
DA:10,9
DA:12,6
DA:17,4
DA:22,1
DA:23,2
DA:30,1
DA:31,1
DA:37,1
DA:38,1
DA:44,1
DA:45,1
DA:53,1
DA:54,1
DA:61,1
DA:62,1
DA:66,1
DA:67,1
DA:72,1
DA:73,1
LF:20
LH:20
end_of_record
SF:lib/screenshot_snapshot.dart
DA:6,1
DA:12,1
DA:13,1
DA:14,1
DA:15,1
DA:16,1
DA:20,1
DA:21,1
DA:22,1
DA:23,1
DA:24,1
DA:28,1
DA:30,4
DA:33,1
DA:37,1
DA:38,3
DA:39,3
DA:40,3
DA:43,1
DA:45,3
DA:46,3
DA:47,2
LF:22
LH:22
end_of_record
SF:lib/no_screenshot.dart
DA:9,1
DA:11,1
DA:15,2
DA:21,1
DA:23,2
DA:30,1
DA:32,2
DA:35,1
DA:37,2
DA:45,1
DA:47,2
DA:52,1
DA:54,2
DA:58,1
DA:60,2
DA:64,1
DA:66,2
DA:69,1
DA:72,1
DA:73,3
DA:74,3
DA:77,1
DA:78,2
LF:23
LH:23
end_of_record
